# JRE version: OpenJDK Runtime Environment Temurin-21.0.10+7 (21.0.10+7) (build 21.0.10+7-LTS)
# Java VM: OpenJDK 64-Bit Server VM Temurin-21.0.10+7 (21.0.10+7-LTS, mixed mode, sharing, tiered, compressed oops, compressed class ptrs, parallel gc, windows-amd64)
GC Precious Log:
 CardTable entry size: 512
 CPUs: 16 total, 16 available
 Memory: 14188M
 Large Page Support: Disabled
 NUMA Support: Disabled
 Compressed Oops: Enabled (32-bit)
 Alignments: Space 512K, Generation 512K, Heap 2M
 Heap Min Capacity: 100M
 Heap Initial Capacity: 100M
 Heap Max Capacity: 2G
 Pre-touch: Disabled
 Parallel Workers: 13
Heap:
 PSYoungGen      total 4096K, used 2083K [0x00000000d5580000, 0x00000000d5b80000, 0x0000000100000000)
  eden space 3072K, 44% used [0x00000000d5580000,0x00000000d56d8f88,0x00000000d5880000)
  from space 1024K, 68% used [0x00000000d5a80000,0x00000000d5b30000,0x00000000d5b80000)
  to   space 1024K, 0% used [0x00000000d5980000,0x00000000d5980000,0x00000000d5a80000)
 ParOldGen       total 997888K, used 997312K [0x0000000080000000, 0x00000000bce80000, 0x00000000d5580000)
  object space 997888K, 99% used [0x0000000080000000,0x00000000bcdf01b8,0x00000000bce80000)
 Metaspace       used 85738K, committed 87232K, reserved 1179648K
  class space    used 8497K, committed 9216K, reserved 1048576K
GC Heap History (20 events):
Event: 12296.942 GC heap before
{Heap before GC invocations=2607 (full 5):
 PSYoungGen      total 6144K, used 6080K [0x00000000d5580000, 0x00000000d5f80000, 0x0000000100000000)
  eden space 3072K, 100% used [0x00000000d5580000,0x00000000d5880000,0x00000000d5880000)
  from space 3072K, 97% used [0x00000000d5c80000,0x00000000d5f700a0,0x00000000d5f80000)
  to   space 3584K, 0% used [0x00000000d5880000,0x00000000d5880000,0x00000000d5c00000)
 ParOldGen       total 898560K, used 898470K [0x0000000080000000, 0x00000000b6d80000, 0x00000000d5580000)
  object space 898560K, 99% used [0x0000000080000000,0x00000000b6d698e0,0x00000000b6d80000)
 Metaspace       used 85726K, committed 87232K, reserved 1179648K
  class space    used 8497K, committed 9216K, reserved 1048576K
}
Event: 12296.944 GC heap after
{Heap after GC invocations=2607 (full 5):
 PSYoungGen      total 4608K, used 1185K [0x00000000d5580000, 0x00000000d5d00000, 0x0000000100000000)
  eden space 3072K, 0% used [0x00000000d5580000,0x00000000d5580000,0x00000000d5880000)
  from space 1536K, 77% used [0x00000000d5880000,0x00000000d59a8560,0x00000000d5a00000)
  to   space 2048K, 0% used [0x00000000d5b00000,0x00000000d5b00000,0x00000000d5d00000)
 ParOldGen       total 901632K, used 901247K [0x0000000080000000, 0x00000000b7080000, 0x00000000d5580000)
  object space 901632K, 99% used [0x0000000080000000,0x00000000b701fc10,0x00000000b7080000)
 Metaspace       used 85726K, committed 87232K, reserved 1179648K
  class space    used 8497K, committed 9216K, reserved 1048576K
}
Event: 12296.951 GC heap before
{Heap before GC invocations=2608 (full 5):
 PSYoungGen      total 4608K, used 4257K [0x00000000d5580000, 0x00000000d5d00000, 0x0000000100000000)
  eden space 3072K, 100% used [0x00000000d5580000,0x00000000d5880000,0x00000000d5880000)
  from space 1536K, 77% used [0x00000000d5880000,0x00000000d59a8560,0x00000000d5a00000)
  to   space 2048K, 0% used [0x00000000d5b00000,0x00000000d5b00000,0x00000000d5d00000)
 ParOldGen       total 901632K, used 901247K [0x0000000080000000, 0x00000000b7080000, 0x00000000d5580000)
  object space 901632K, 99% used [0x0000000080000000,0x00000000b701fc10,0x00000000b7080000)
 Metaspace       used 85726K, committed 87232K, reserved 1179648K
  class space    used 8497K, committed 9216K, reserved 1048576K
}
Event: 12296.953 GC heap after
{Heap after GC invocations=2608 (full 5):
 PSYoungGen      total 4096K, used 704K [0x00000000d5580000, 0x00000000d5c00000, 0x0000000100000000)
  eden space 3072K, 0% used [0x00000000d5580000,0x00000000d5580000,0x00000000d5880000)
  from space 1024K, 68% used [0x00000000d5b00000,0x00000000d5bb0000,0x00000000d5c00000)
  to   space 1024K, 0% used [0x00000000d5a00000,0x00000000d5a00000,0x00000000d5b00000)
 ParOldGen       total 902656K, used 902198K [0x0000000080000000, 0x00000000b7180000, 0x00000000d5580000)
  object space 902656K, 99% used [0x0000000080000000,0x00000000b710dae8,0x00000000b7180000)
 Metaspace       used 85726K, committed 87232K, reserved 1179648K
  class space    used 8497K, committed 9216K, reserved 1048576K
}
Event: 12297.036 GC heap before
{Heap before GC invocations=2609 (full 5):
 PSYoungGen      total 4096K, used 3776K [0x00000000d5580000, 0x00000000d5c00000, 0x0000000100000000)
  eden space 3072K, 100% used [0x00000000d5580000,0x00000000d5880000,0x00000000d5880000)
  from space 1024K, 68% used [0x00000000d5b00000,0x00000000d5bb0000,0x00000000d5c00000)
  to   space 1024K, 0% used [0x00000000d5a00000,0x00000000d5a00000,0x00000000d5b00000)
 ParOldGen       total 997888K, used 994358K [0x0000000080000000, 0x00000000bce80000, 0x00000000d5580000)
  object space 997888K, 99% used [0x0000000080000000,0x00000000bcb0db78,0x00000000bce80000)
 Metaspace       used 85729K, committed 87232K, reserved 1179648K
  class space    used 8497K, committed 9216K, reserved 1048576K
}
Event: 12297.038 GC heap after
{Heap after GC invocations=2609 (full 5):
 PSYoungGen      total 3584K, used 448K [0x00000000d5580000, 0x00000000d5b80000, 0x0000000100000000)
  eden space 3072K, 0% used [0x00000000d5580000,0x00000000d5580000,0x00000000d5880000)
  from space 512K, 87% used [0x00000000d5a00000,0x00000000d5a70000,0x00000000d5a80000)
  to   space 1024K, 0% used [0x00000000d5a80000,0x00000000d5a80000,0x00000000d5b80000)
 ParOldGen       total 997888K, used 994774K [0x0000000080000000, 0x00000000bce80000, 0x00000000d5580000)
  object space 997888K, 99% used [0x0000000080000000,0x00000000bcb75b78,0x00000000bce80000)
 Metaspace       used 85729K, committed 87232K, reserved 1179648K
  class space    used 8497K, committed 9216K, reserved 1048576K
}
Event: 12297.508 GC heap before
{Heap before GC invocations=2610 (full 5):
 PSYoungGen      total 3584K, used 3520K [0x00000000d5580000, 0x00000000d5b80000, 0x0000000100000000)
  eden space 3072K, 100% used [0x00000000d5580000,0x00000000d5880000,0x00000000d5880000)
  from space 512K, 87% used [0x00000000d5a00000,0x00000000d5a70000,0x00000000d5a80000)
  to   space 1024K, 0% used [0x00000000d5a80000,0x00000000d5a80000,0x00000000d5b80000)
 ParOldGen       total 997888K, used 994774K [0x0000000080000000, 0x00000000bce80000, 0x00000000d5580000)
  object space 997888K, 99% used [0x0000000080000000,0x00000000bcb75b78,0x00000000bce80000)
 Metaspace       used 85730K, committed 87232K, reserved 1179648K
  class space    used 8497K, committed 9216K, reserved 1048576K
}
Event: 12297.509 GC heap after
{Heap after GC invocations=2610 (full 5):
 PSYoungGen      total 4096K, used 666K [0x00000000d5580000, 0x00000000d5b80000, 0x0000000100000000)
  eden space 3072K, 0% used [0x00000000d5580000,0x00000000d5580000,0x00000000d5880000)
  from space 1024K, 65% used [0x00000000d5a80000,0x00000000d5b26920,0x00000000d5b80000)
  to   space 1024K, 0% used [0x00000000d5980000,0x00000000d5980000,0x00000000d5a80000)
 ParOldGen       total 997888K, used 995003K [0x0000000080000000, 0x00000000bce80000, 0x00000000d5580000)
  object space 997888K, 99% used [0x0000000080000000,0x00000000bcbaedd0,0x00000000bce80000)
 Metaspace       used 85730K, committed 87232K, reserved 1179648K
  class space    used 8497K, committed 9216K, reserved 1048576K
}
Event: 12297.513 GC heap before
{Heap before GC invocations=2611 (full 5):
 PSYoungGen      total 4096K, used 3738K [0x00000000d5580000, 0x00000000d5b80000, 0x0000000100000000)
  eden space 3072K, 99% used [0x00000000d5580000,0x00000000d587ffd8,0x00000000d5880000)
  from space 1024K, 65% used [0x00000000d5a80000,0x00000000d5b26920,0x00000000d5b80000)
  to   space 1024K, 0% used [0x00000000d5980000,0x00000000d5980000,0x00000000d5a80000)
 ParOldGen       total 997888K, used 995003K [0x0000000080000000, 0x00000000bce80000, 0x00000000d5580000)
  object space 997888K, 99% used [0x0000000080000000,0x00000000bcbaedd0,0x00000000bce80000)
 Metaspace       used 85730K, committed 87232K, reserved 1179648K
  class space    used 8497K, committed 9216K, reserved 1048576K
}
Event: 12297.514 GC heap after
{Heap after GC invocations=2611 (full 5):
 PSYoungGen      total 3584K, used 480K [0x00000000d5580000, 0x00000000d5b00000, 0x0000000100000000)
  eden space 3072K, 0% used [0x00000000d5580000,0x00000000d5580000,0x00000000d5880000)
  from space 512K, 93% used [0x00000000d5980000,0x00000000d59f8000,0x00000000d5a00000)
  to   space 1024K, 0% used [0x00000000d5a00000,0x00000000d5a00000,0x00000000d5b00000)
 ParOldGen       total 997888K, used 995545K [0x0000000080000000, 0x00000000bce80000, 0x00000000d5580000)
  object space 997888K, 99% used [0x0000000080000000,0x00000000bcc367f8,0x00000000bce80000)
 Metaspace       used 85730K, committed 87232K, reserved 1179648K
  class space    used 8497K, committed 9216K, reserved 1048576K
}
Event: 12297.518 GC heap before
{Heap before GC invocations=2612 (full 5):
 PSYoungGen      total 3584K, used 3552K [0x00000000d5580000, 0x00000000d5b00000, 0x0000000100000000)
  eden space 3072K, 100% used [0x00000000d5580000,0x00000000d5880000,0x00000000d5880000)
  from space 512K, 93% used [0x00000000d5980000,0x00000000d59f8000,0x00000000d5a00000)
  to   space 1024K, 0% used [0x00000000d5a00000,0x00000000d5a00000,0x00000000d5b00000)
 ParOldGen       total 997888K, used 995545K [0x0000000080000000, 0x00000000bce80000, 0x00000000d5580000)
  object space 997888K, 99% used [0x0000000080000000,0x00000000bcc367f8,0x00000000bce80000)
 Metaspace       used 85730K, committed 87232K, reserved 1179648K
  class space    used 8497K, committed 9216K, reserved 1048576K
}
Event: 12297.519 GC heap after
{Heap after GC invocations=2612 (full 5):
 PSYoungGen      total 3584K, used 480K [0x00000000d5580000, 0x00000000d5a80000, 0x0000000100000000)
  eden space 3072K, 0% used [0x00000000d5580000,0x00000000d5580000,0x00000000d5880000)
  from space 512K, 93% used [0x00000000d5a00000,0x00000000d5a78000,0x00000000d5a80000)
  to   space 512K, 0% used [0x00000000d5980000,0x00000000d5980000,0x00000000d5a00000)
 ParOldGen       total 997888K, used 995802K [0x0000000080000000, 0x00000000bce80000, 0x00000000d5580000)
  object space 997888K, 99% used [0x0000000080000000,0x00000000bcc76818,0x00000000bce80000)
 Metaspace       used 85730K, committed 87232K, reserved 1179648K
  class space    used 8497K, committed 9216K, reserved 1048576K
}
Event: 12297.525 GC heap before
{Heap before GC invocations=2613 (full 5):
 PSYoungGen      total 3584K, used 3552K [0x00000000d5580000, 0x00000000d5a80000, 0x0000000100000000)
  eden space 3072K, 100% used [0x00000000d5580000,0x00000000d5880000,0x00000000d5880000)
  from space 512K, 93% used [0x00000000d5a00000,0x00000000d5a78000,0x00000000d5a80000)
  to   space 512K, 0% used [0x00000000d5980000,0x00000000d5980000,0x00000000d5a00000)
 ParOldGen       total 997888K, used 995802K [0x0000000080000000, 0x00000000bce80000, 0x00000000d5580000)
  object space 997888K, 99% used [0x0000000080000000,0x00000000bcc76818,0x00000000bce80000)
 Metaspace       used 85731K, committed 87232K, reserved 1179648K
  class space    used 8497K, committed 9216K, reserved 1048576K
}
Event: 12297.526 GC heap after
{Heap after GC invocations=2613 (full 5):
 PSYoungGen      total 3584K, used 512K [0x00000000d5580000, 0x00000000d5a80000, 0x0000000100000000)
  eden space 3072K, 0% used [0x00000000d5580000,0x00000000d5580000,0x00000000d5880000)
  from space 512K, 100% used [0x00000000d5980000,0x00000000d5a00000,0x00000000d5a00000)
  to   space 512K, 0% used [0x00000000d5a00000,0x00000000d5a00000,0x00000000d5a80000)
 ParOldGen       total 997888K, used 996216K [0x0000000080000000, 0x00000000bce80000, 0x00000000d5580000)
  object space 997888K, 99% used [0x0000000080000000,0x00000000bccde210,0x00000000bce80000)
 Metaspace       used 85731K, committed 87232K, reserved 1179648K
  class space    used 8497K, committed 9216K, reserved 1048576K
}
Event: 12297.529 GC heap before
{Heap before GC invocations=2614 (full 5):
 PSYoungGen      total 3584K, used 3584K [0x00000000d5580000, 0x00000000d5a80000, 0x0000000100000000)
  eden space 3072K, 100% used [0x00000000d5580000,0x00000000d5880000,0x00000000d5880000)
  from space 512K, 100% used [0x00000000d5980000,0x00000000d5a00000,0x00000000d5a00000)
  to   space 512K, 0% used [0x00000000d5a00000,0x00000000d5a00000,0x00000000d5a80000)
 ParOldGen       total 997888K, used 996216K [0x0000000080000000, 0x00000000bce80000, 0x00000000d5580000)
  object space 997888K, 99% used [0x0000000080000000,0x00000000bccde210,0x00000000bce80000)
 Metaspace       used 85731K, committed 87232K, reserved 1179648K
  class space    used 8497K, committed 9216K, reserved 1048576K
}
Event: 12297.531 GC heap after
{Heap after GC invocations=2614 (full 5):
 PSYoungGen      total 3584K, used 512K [0x00000000d5580000, 0x00000000d5b80000, 0x0000000100000000)
  eden space 3072K, 0% used [0x00000000d5580000,0x00000000d5580000,0x00000000d5880000)
  from space 512K, 100% used [0x00000000d5a00000,0x00000000d5a80000,0x00000000d5a80000)
  to   space 1536K, 0% used [0x00000000d5880000,0x00000000d5880000,0x00000000d5a00000)
 ParOldGen       total 997888K, used 996728K [0x0000000080000000, 0x00000000bce80000, 0x00000000d5580000)
  object space 997888K, 99% used [0x0000000080000000,0x00000000bcd5e198,0x00000000bce80000)
 Metaspace       used 85731K, committed 87232K, reserved 1179648K
  class space    used 8497K, committed 9216K, reserved 1048576K
}
Event: 12297.533 GC heap before
{Heap before GC invocations=2615 (full 5):
 PSYoungGen      total 3584K, used 3584K [0x00000000d5580000, 0x00000000d5b80000, 0x0000000100000000)
  eden space 3072K, 100% used [0x00000000d5580000,0x00000000d5880000,0x00000000d5880000)
  from space 512K, 100% used [0x00000000d5a00000,0x00000000d5a80000,0x00000000d5a80000)
  to   space 1536K, 0% used [0x00000000d5880000,0x00000000d5880000,0x00000000d5a00000)
 ParOldGen       total 997888K, used 996728K [0x0000000080000000, 0x00000000bce80000, 0x00000000d5580000)
  object space 997888K, 99% used [0x0000000080000000,0x00000000bcd5e198,0x00000000bce80000)
 Metaspace       used 85731K, committed 87232K, reserved 1179648K
  class space    used 8497K, committed 9216K, reserved 1048576K
}
Event: 12297.534 GC heap after
{Heap after GC invocations=2615 (full 5):
 PSYoungGen      total 4608K, used 416K [0x00000000d5580000, 0x00000000d5b80000, 0x0000000100000000)
  eden space 3072K, 0% used [0x00000000d5580000,0x00000000d5580000,0x00000000d5880000)
  from space 1536K, 27% used [0x00000000d5880000,0x00000000d58e8000,0x00000000d5a00000)
  to   space 1024K, 0% used [0x00000000d5a80000,0x00000000d5a80000,0x00000000d5b80000)
 ParOldGen       total 997888K, used 997096K [0x0000000080000000, 0x00000000bce80000, 0x00000000d5580000)
  object space 997888K, 99% used [0x0000000080000000,0x00000000bcdba1b8,0x00000000bce80000)
 Metaspace       used 85731K, committed 87232K, reserved 1179648K
  class space    used 8497K, committed 9216K, reserved 1048576K
}
Event: 12482.279 GC heap before
{Heap before GC invocations=2616 (full 5):
 PSYoungGen      total 4608K, used 3487K [0x00000000d5580000, 0x00000000d5b80000, 0x0000000100000000)
  eden space 3072K, 99% used [0x00000000d5580000,0x00000000d587fff8,0x00000000d5880000)
  from space 1536K, 27% used [0x00000000d5880000,0x00000000d58e8000,0x00000000d5a00000)
  to   space 1024K, 0% used [0x00000000d5a80000,0x00000000d5a80000,0x00000000d5b80000)
 ParOldGen       total 997888K, used 997096K [0x0000000080000000, 0x00000000bce80000, 0x00000000d5580000)
  object space 997888K, 99% used [0x0000000080000000,0x00000000bcdba1b8,0x00000000bce80000)
 Metaspace       used 85736K, committed 87232K, reserved 1179648K
  class space    used 8497K, committed 9216K, reserved 1048576K
}
Event: 12482.280 GC heap after
{Heap after GC invocations=2616 (full 5):
 PSYoungGen      total 4096K, used 704K [0x00000000d5580000, 0x00000000d5b80000, 0x0000000100000000)
  eden space 3072K, 0% used [0x00000000d5580000,0x00000000d5580000,0x00000000d5880000)
  from space 1024K, 68% used [0x00000000d5a80000,0x00000000d5b30000,0x00000000d5b80000)
  to   space 1024K, 0% used [0x00000000d5980000,0x00000000d5980000,0x00000000d5a80000)
 ParOldGen       total 997888K, used 997312K [0x0000000080000000, 0x00000000bce80000, 0x00000000d5580000)
  object space 997888K, 99% used [0x0000000080000000,0x00000000bcdf01b8,0x00000000bce80000)
 Metaspace       used 85736K, committed 87232K, reserved 1179648K
  class space    used 8497K, committed 9216K, reserved 1048576K
}

